This file contains any messages produced by compilers while
running configure, to aid debugging if configure makes a mistake.

It was created by libXft configure 2.3.3, which was
generated by GNU Autoconf 2.69.  Invocation command line was

  $ ./configure 

## --------- ##
## Platform. ##
## --------- ##

hostname = arvyanh1026
uname -m = x86_64
uname -r = 5.4.0-56-generic
uname -s = Linux
uname -v = #62-Ubuntu SMP Mon Nov 23 19:20:19 UTC 2020

/usr/bin/uname -p = unknown
/bin/uname -X     = unknown

/bin/arch              = unknown
/usr/bin/arch -k       = unknown
/usr/convex/getsysinfo = unknown
/usr/bin/hostinfo      = unknown
/bin/machine           = unknown
/usr/bin/oslevel       = unknown
/bin/universe          = unknown

PATH: /home/arvyanh/.local/bin
PATH: /usr/local/sbin
PATH: /usr/local/bin
PATH: /usr/sbin
PATH: /usr/bin
PATH: /sbin
PATH: /bin
PATH: /usr/games
PATH: /usr/local/games
PATH: /snap/bin
PATH: /home/arvyanh/.local/includeCus
PATH: ~/script/cmd


## ----------- ##
## Core tests. ##
## ----------- ##

configure:2278: checking for a BSD-compatible install
configure:2346: result: /usr/bin/install -c
configure:2357: checking whether build environment is sane
configure:2412: result: yes
configure:2561: checking for a thread-safe mkdir -p
configure:2600: result: /bin/mkdir -p
configure:2607: checking for gawk
configure:2623: found /usr/bin/gawk
configure:2634: result: gawk
configure:2645: checking whether make sets $(MAKE)
configure:2667: result: yes
configure:2696: checking whether make supports nested variables
configure:2713: result: yes
configure:2870: checking build system type
configure:2884: result: x86_64-pc-linux-gnu
configure:2904: checking host system type
configure:2917: result: x86_64-pc-linux-gnu
configure:2958: checking how to print strings
configure:2985: result: printf
configure:3018: checking for style of include used by make
configure:3046: result: GNU
configure:3117: checking for gcc
configure:3133: found /usr/bin/gcc
configure:3144: result: gcc
configure:3373: checking for C compiler version
configure:3382: gcc --version >&5
gcc (Ubuntu 9.3.0-17ubuntu1~20.04) 9.3.0
Copyright (C) 2019 Free Software Foundation, Inc.
This is free software; see the source for copying conditions.  There is NO
warranty; not even for MERCHANTABILITY or FITNESS FOR A PARTICULAR PURPOSE.

configure:3393: $? = 0
configure:3382: gcc -v >&5
Using built-in specs.
COLLECT_GCC=gcc
COLLECT_LTO_WRAPPER=/usr/lib/gcc/x86_64-linux-gnu/9/lto-wrapper
OFFLOAD_TARGET_NAMES=nvptx-none:hsa
OFFLOAD_TARGET_DEFAULT=1
Target: x86_64-linux-gnu
Configured with: ../src/configure -v --with-pkgversion='Ubuntu 9.3.0-17ubuntu1~20.04' --with-bugurl=file:///usr/share/doc/gcc-9/README.Bugs --enable-languages=c,ada,c++,go,brig,d,fortran,objc,obj-c++,gm2 --prefix=/usr --with-gcc-major-version-only --program-suffix=-9 --program-prefix=x86_64-linux-gnu- --enable-shared --enable-linker-build-id --libexecdir=/usr/lib --without-included-gettext --enable-threads=posix --libdir=/usr/lib --enable-nls --enable-clocale=gnu --enable-libstdcxx-debug --enable-libstdcxx-time=yes --with-default-libstdcxx-abi=new --enable-gnu-unique-object --disable-vtable-verify --enable-plugin --enable-default-pie --with-system-zlib --with-target-system-zlib=auto --enable-objc-gc=auto --enable-multiarch --disable-werror --with-arch-32=i686 --with-abi=m64 --with-multilib-list=m32,m64,mx32 --enable-multilib --with-tune=generic --enable-offload-targets=nvptx-none=/build/gcc-9-HskZEa/gcc-9-9.3.0/debian/tmp-nvptx/usr,hsa --without-cuda-driver --enable-checking=release --build=x86_64-linux-gnu --host=x86_64-linux-gnu --target=x86_64-linux-gnu
Thread model: posix
gcc version 9.3.0 (Ubuntu 9.3.0-17ubuntu1~20.04) 
configure:3393: $? = 0
configure:3382: gcc -V >&5
gcc: error: unrecognized command line option '-V'
gcc: fatal error: no input files
compilation terminated.
configure:3393: $? = 1
configure:3382: gcc -qversion >&5
gcc: error: unrecognized command line option '-qversion'; did you mean '--version'?
gcc: fatal error: no input files
compilation terminated.
configure:3393: $? = 1
configure:3413: checking whether the C compiler works
configure:3435: gcc    conftest.c  >&5
configure:3439: $? = 0
configure:3487: result: yes
configure:3490: checking for C compiler default output file name
configure:3492: result: a.out
configure:3498: checking for suffix of executables
configure:3505: gcc -o conftest    conftest.c  >&5
configure:3509: $? = 0
configure:3531: result: 
configure:3553: checking whether we are cross compiling
configure:3561: gcc -o conftest    conftest.c  >&5
configure:3565: $? = 0
configure:3572: ./conftest
configure:3576: $? = 0
configure:3564: result: no
configure:3569: checking for suffix of object files
configure:3591: gcc -c   conftest.c >&5
configure:3595: $? = 0
configure:3616: result: o
configure:3620: checking whether we are using the GNU C compiler
configure:3639: gcc -c   conftest.c >&5
configure:3639: $? = 0
configure:3648: result: yes
configure:3657: checking whether gcc accepts -g
configure:3677: gcc -c -g  conftest.c >&5
configure:3677: $? = 0
configure:3718: result: yes
configure:3735: checking for gcc option to accept ISO C89
configure:3798: gcc  -c -g -O2  conftest.c >&5
configure:3798: $? = 0
configure:3811: result: none needed
configure:3836: checking whether gcc understands -c and -o together
configure:3858: gcc -c conftest.c -o conftest2.o
configure:3861: $? = 0
configure:3858: gcc -c conftest.c -o conftest2.o
configure:3861: $? = 0
configure:3873: result: yes
configure:3892: checking dependency style of gcc
configure:4003: result: gcc3
configure:4018: checking for a sed that does not truncate output
configure:4082: result: /bin/sed
configure:4100: checking for grep that handles long lines and -e
configure:4158: result: /bin/grep
configure:4163: checking for egrep
configure:4225: result: /bin/grep -E
configure:4230: checking for fgrep
configure:4292: result: /bin/grep -F
configure:4327: checking for ld used by gcc
configure:4394: result: /usr/bin/ld
configure:4401: checking if the linker (/usr/bin/ld) is GNU ld
configure:4416: result: yes
configure:4428: checking for BSD- or MS-compatible name lister (nm)
configure:4482: result: /usr/bin/nm -B
configure:4612: checking the name lister (/usr/bin/nm -B) interface
configure:4619: gcc -c -g -O2  conftest.c >&5
configure:4622: /usr/bin/nm -B "conftest.o"
configure:4625: output
0000000000000000 B some_variable
configure:4626: result: BSD nm
configure:4629: checking whether ln -s works
configure:4633: result: yes
configure:4641: checking the maximum length of command line arguments
configure:4772: result: 1572864
configure:4820: checking how to convert x86_64-pc-linux-gnu file names to x86_64-pc-linux-gnu format
configure:4860: result: func_convert_file_noop
configure:4867: checking how to convert x86_64-pc-linux-gnu file names to toolchain format
configure:4887: result: func_convert_file_noop
configure:4894: checking for /usr/bin/ld option to reload object files
configure:4901: result: -r
configure:4975: checking for objdump
configure:4991: found /usr/bin/objdump
configure:5002: result: objdump
configure:5034: checking how to recognize dependent libraries
configure:5234: result: pass_all
configure:5319: checking for dlltool
configure:5349: result: no
configure:5379: checking how to associate runtime and link libraries
configure:5406: result: printf %s\n
configure:5467: checking for ar
configure:5483: found /usr/bin/ar
configure:5494: result: ar
configure:5531: checking for archiver @FILE support
configure:5548: gcc -c -g -O2  conftest.c >&5
configure:5548: $? = 0
configure:5551: ar cru libconftest.a @conftest.lst >&5
ar: `u' modifier ignored since `D' is the default (see `U')
configure:5554: $? = 0
configure:5559: ar cru libconftest.a @conftest.lst >&5
ar: `u' modifier ignored since `D' is the default (see `U')
ar: conftest.o: No such file or directory
configure:5562: $? = 1
configure:5561: result: @
configure:5619: checking for strip
configure:5635: found /usr/bin/strip
configure:5646: result: strip
configure:5718: checking for ranlib
configure:5734: found /usr/bin/ranlib
configure:5745: result: ranlib
configure:5847: checking command to parse /usr/bin/nm -B output from gcc object
configure:6000: gcc -c -g -O2  conftest.c >&5
configure:6003: $? = 0
configure:6007: /usr/bin/nm -B conftest.o \| sed -n -e 's/^.*[ ]\([ABCDGIRSTW][ABCDGIRSTW]*\)[ ][ ]*\([_A-Za-z][_A-Za-z0-9]*\)$/\1 \2 \2/p' | sed '/ __gnu_lto/d' \> conftest.nm
configure:6010: $? = 0
configure:6076: gcc -o conftest -g -O2   conftest.c conftstm.o >&5
configure:6079: $? = 0
configure:6117: result: ok
configure:6164: checking for sysroot
configure:6194: result: no
configure:6201: checking for a working dd
configure:6239: result: /bin/dd
configure:6243: checking how to truncate binary pipes
configure:6258: result: /bin/dd bs=4096 count=1
configure:6394: gcc -c -g -O2  conftest.c >&5
configure:6397: $? = 0
configure:6587: checking for mt
configure:6603: found /bin/mt
configure:6614: result: mt
configure:6637: checking if mt is a manifest tool
configure:6643: mt '-?'
configure:6651: result: no
configure:7328: checking how to run the C preprocessor
configure:7359: gcc -E  conftest.c
configure:7359: $? = 0
configure:7373: gcc -E  conftest.c
conftest.c:11:10: fatal error: ac_nonexistent.h: No such file or directory
   11 | #include <ac_nonexistent.h>
      |          ^~~~~~~~~~~~~~~~~~
compilation terminated.
configure:7373: $? = 1
configure: failed program was:
| /* confdefs.h */
| #define PACKAGE_NAME "libXft"
| #define PACKAGE_TARNAME "libXft"
| #define PACKAGE_VERSION "2.3.3"
| #define PACKAGE_STRING "libXft 2.3.3"
| #define PACKAGE_BUGREPORT "https://gitlab.freedesktop.org/xorg/lib/libXft/issues"
| #define PACKAGE_URL ""
| #define PACKAGE "libXft"
| #define VERSION "2.3.3"
| /* end confdefs.h.  */
| #include <ac_nonexistent.h>
configure:7398: result: gcc -E
configure:7418: gcc -E  conftest.c
configure:7418: $? = 0
configure:7432: gcc -E  conftest.c
conftest.c:11:10: fatal error: ac_nonexistent.h: No such file or directory
   11 | #include <ac_nonexistent.h>
      |          ^~~~~~~~~~~~~~~~~~
compilation terminated.
configure:7432: $? = 1
configure: failed program was:
| /* confdefs.h */
| #define PACKAGE_NAME "libXft"
| #define PACKAGE_TARNAME "libXft"
| #define PACKAGE_VERSION "2.3.3"
| #define PACKAGE_STRING "libXft 2.3.3"
| #define PACKAGE_BUGREPORT "https://gitlab.freedesktop.org/xorg/lib/libXft/issues"
| #define PACKAGE_URL ""
| #define PACKAGE "libXft"
| #define VERSION "2.3.3"
| /* end confdefs.h.  */
| #include <ac_nonexistent.h>
configure:7461: checking for ANSI C header files
configure:7481: gcc -c -g -O2  conftest.c >&5
configure:7481: $? = 0
configure:7554: gcc -o conftest -g -O2   conftest.c  >&5
configure:7554: $? = 0
configure:7554: ./conftest
configure:7554: $? = 0
configure:7565: result: yes
configure:7578: checking for sys/types.h
configure:7578: gcc -c -g -O2  conftest.c >&5
configure:7578: $? = 0
configure:7578: result: yes
configure:7578: checking for sys/stat.h
configure:7578: gcc -c -g -O2  conftest.c >&5
configure:7578: $? = 0
configure:7578: result: yes
configure:7578: checking for stdlib.h
configure:7578: gcc -c -g -O2  conftest.c >&5
configure:7578: $? = 0
configure:7578: result: yes
configure:7578: checking for string.h
configure:7578: gcc -c -g -O2  conftest.c >&5
configure:7578: $? = 0
configure:7578: result: yes
configure:7578: checking for memory.h
configure:7578: gcc -c -g -O2  conftest.c >&5
configure:7578: $? = 0
configure:7578: result: yes
configure:7578: checking for strings.h
configure:7578: gcc -c -g -O2  conftest.c >&5
configure:7578: $? = 0
configure:7578: result: yes
configure:7578: checking for inttypes.h
configure:7578: gcc -c -g -O2  conftest.c >&5
configure:7578: $? = 0
configure:7578: result: yes
configure:7578: checking for stdint.h
configure:7578: gcc -c -g -O2  conftest.c >&5
configure:7578: $? = 0
configure:7578: result: yes
configure:7578: checking for unistd.h
configure:7578: gcc -c -g -O2  conftest.c >&5
configure:7578: $? = 0
configure:7578: result: yes
configure:7592: checking for dlfcn.h
configure:7592: gcc -c -g -O2  conftest.c >&5
configure:7592: $? = 0
configure:7592: result: yes
configure:7848: checking for objdir
configure:7863: result: .libs
configure:8123: checking if gcc supports -fno-rtti -fno-exceptions
configure:8141: gcc -c -g -O2  -fno-rtti -fno-exceptions conftest.c >&5
cc1: warning: command line option '-fno-rtti' is valid for C++/D/ObjC++ but not for C
configure:8145: $? = 0
configure:8158: result: no
configure:8516: checking for gcc option to produce PIC
configure:8523: result: -fPIC -DPIC
configure:8531: checking if gcc PIC flag -fPIC -DPIC works
configure:8549: gcc -c -g -O2  -fPIC -DPIC -DPIC conftest.c >&5
configure:8553: $? = 0
configure:8566: result: yes
configure:8595: checking if gcc static flag -static works
configure:8623: result: yes
configure:8638: checking if gcc supports -c -o file.o
configure:8659: gcc -c -g -O2  -o out/conftest2.o conftest.c >&5
configure:8663: $? = 0
configure:8685: result: yes
configure:8693: checking if gcc supports -c -o file.o
configure:8740: result: yes
configure:8773: checking whether the gcc linker (/usr/bin/ld -m elf_x86_64) supports shared libraries
configure:10032: result: yes
configure:10069: checking whether -lc should be explicitly linked in
configure:10077: gcc -c -g -O2  conftest.c >&5
configure:10080: $? = 0
configure:10095: gcc -shared  -fPIC -DPIC conftest.o  -v -Wl,-soname -Wl,conftest -o conftest 2\>\&1 \| /bin/grep  -lc  \>/dev/null 2\>\&1
configure:10098: $? = 0
configure:10112: result: no
configure:10272: checking dynamic linker characteristics
configure:10853: gcc -o conftest -g -O2   -Wl,-rpath -Wl,/foo conftest.c  >&5
configure:10853: $? = 0
configure:11090: result: GNU/Linux ld.so
configure:11212: checking how to hardcode library paths into programs
configure:11237: result: immediate
configure:11785: checking whether stripping libraries is possible
configure:11790: result: yes
configure:11825: checking if libtool supports shared libraries
configure:11827: result: yes
configure:11830: checking whether to build shared libraries
configure:11855: result: yes
configure:11858: checking whether to build static libraries
configure:11862: result: yes
configure:8704: checking for gcc option to accept ISO C99
configure:8853: gcc  -c -g -O2  conftest.c >&5
configure:8853: $? = 0
configure:8866: result: none needed
configure:8885: checking whether __clang__ is declared
configure:8885: gcc -c -g -O2  conftest.c >&5
conftest.c: In function 'main':
conftest.c:63:10: error: '__clang__' undeclared (first use in this function)
   63 |   (void) __clang__;
      |          ^~~~~~~~~
conftest.c:63:10: note: each undeclared identifier is reported only once for each function it appears in
configure:8885: $? = 1
configure: failed program was:
| /* confdefs.h */
| #define PACKAGE_NAME "libXft"
| #define PACKAGE_TARNAME "libXft"
| #define PACKAGE_VERSION "2.3.3"
| #define PACKAGE_STRING "libXft 2.3.3"
| #define PACKAGE_BUGREPORT "https://gitlab.freedesktop.org/xorg/lib/libXft/issues"
| #define PACKAGE_URL ""
| #define PACKAGE "libXft"
| #define VERSION "2.3.3"
| #define STDC_HEADERS 1
| #define HAVE_SYS_TYPES_H 1
| #define HAVE_SYS_STAT_H 1
| #define HAVE_STDLIB_H 1
| #define HAVE_STRING_H 1
| #define HAVE_MEMORY_H 1
| #define HAVE_STRINGS_H 1
| #define HAVE_INTTYPES_H 1
| #define HAVE_STDINT_H 1
| #define HAVE_UNISTD_H 1
| #define HAVE_DLFCN_H 1
| #define LT_OBJDIR ".libs/"
| /* end confdefs.h.  */
| #include <stdio.h>
| #ifdef HAVE_SYS_TYPES_H
| # include <sys/types.h>
| #endif
| #ifdef HAVE_SYS_STAT_H
| # include <sys/stat.h>
| #endif
| #ifdef STDC_HEADERS
| # include <stdlib.h>
| # include <stddef.h>
| #else
| # ifdef HAVE_STDLIB_H
| #  include <stdlib.h>
| # endif
| #endif
| #ifdef HAVE_STRING_H
| # if !defined STDC_HEADERS && defined HAVE_MEMORY_H
| #  include <memory.h>
| # endif
| # include <string.h>
| #endif
| #ifdef HAVE_STRINGS_H
| # include <strings.h>
| #endif
| #ifdef HAVE_INTTYPES_H
| # include <inttypes.h>
| #endif
| #ifdef HAVE_STDINT_H
| # include <stdint.h>
| #endif
| #ifdef HAVE_UNISTD_H
| # include <unistd.h>
| #endif
| int
| main ()
| {
| #ifndef __clang__
| #ifdef __cplusplus
|   (void) __clang__;
| #else
|   (void) __clang__;
| #endif
| #endif
| 
|   ;
|   return 0;
| }
configure:8885: result: no
configure:8892: checking whether __INTEL_COMPILER is declared
configure:8892: gcc -c -g -O2  conftest.c >&5
conftest.c: In function 'main':
conftest.c:63:10: error: '__INTEL_COMPILER' undeclared (first use in this function)
   63 |   (void) __INTEL_COMPILER;
      |          ^~~~~~~~~~~~~~~~
conftest.c:63:10: note: each undeclared identifier is reported only once for each function it appears in
configure:8892: $? = 1
configure: failed program was:
| /* confdefs.h */
| #define PACKAGE_NAME "libXft"
| #define PACKAGE_TARNAME "libXft"
| #define PACKAGE_VERSION "2.3.3"
| #define PACKAGE_STRING "libXft 2.3.3"
| #define PACKAGE_BUGREPORT "https://gitlab.freedesktop.org/xorg/lib/libXft/issues"
| #define PACKAGE_URL ""
| #define PACKAGE "libXft"
| #define VERSION "2.3.3"
| #define STDC_HEADERS 1
| #define HAVE_SYS_TYPES_H 1
| #define HAVE_SYS_STAT_H 1
| #define HAVE_STDLIB_H 1
| #define HAVE_STRING_H 1
| #define HAVE_MEMORY_H 1
| #define HAVE_STRINGS_H 1
| #define HAVE_INTTYPES_H 1
| #define HAVE_STDINT_H 1
| #define HAVE_UNISTD_H 1
| #define HAVE_DLFCN_H 1
| #define LT_OBJDIR ".libs/"
| /* end confdefs.h.  */
| #include <stdio.h>
| #ifdef HAVE_SYS_TYPES_H
| # include <sys/types.h>
| #endif
| #ifdef HAVE_SYS_STAT_H
| # include <sys/stat.h>
| #endif
| #ifdef STDC_HEADERS
| # include <stdlib.h>
| # include <stddef.h>
| #else
| # ifdef HAVE_STDLIB_H
| #  include <stdlib.h>
| # endif
| #endif
| #ifdef HAVE_STRING_H
| # if !defined STDC_HEADERS && defined HAVE_MEMORY_H
| #  include <memory.h>
| # endif
| # include <string.h>
| #endif
| #ifdef HAVE_STRINGS_H
| # include <strings.h>
| #endif
| #ifdef HAVE_INTTYPES_H
| # include <inttypes.h>
| #endif
| #ifdef HAVE_STDINT_H
| # include <stdint.h>
| #endif
| #ifdef HAVE_UNISTD_H
| # include <unistd.h>
| #endif
| int
| main ()
| {
| #ifndef __INTEL_COMPILER
| #ifdef __cplusplus
|   (void) __INTEL_COMPILER;
| #else
|   (void) __INTEL_COMPILER;
| #endif
| #endif
| 
|   ;
|   return 0;
| }
configure:8892: result: no
configure:8899: checking whether __SUNPRO_C is declared
configure:8899: gcc -c -g -O2  conftest.c >&5
conftest.c: In function 'main':
conftest.c:63:10: error: '__SUNPRO_C' undeclared (first use in this function)
   63 |   (void) __SUNPRO_C;
      |          ^~~~~~~~~~
conftest.c:63:10: note: each undeclared identifier is reported only once for each function it appears in
configure:8899: $? = 1
configure: failed program was:
| /* confdefs.h */
| #define PACKAGE_NAME "libXft"
| #define PACKAGE_TARNAME "libXft"
| #define PACKAGE_VERSION "2.3.3"
| #define PACKAGE_STRING "libXft 2.3.3"
| #define PACKAGE_BUGREPORT "https://gitlab.freedesktop.org/xorg/lib/libXft/issues"
| #define PACKAGE_URL ""
| #define PACKAGE "libXft"
| #define VERSION "2.3.3"
| #define STDC_HEADERS 1
| #define HAVE_SYS_TYPES_H 1
| #define HAVE_SYS_STAT_H 1
| #define HAVE_STDLIB_H 1
| #define HAVE_STRING_H 1
| #define HAVE_MEMORY_H 1
| #define HAVE_STRINGS_H 1
| #define HAVE_INTTYPES_H 1
| #define HAVE_STDINT_H 1
| #define HAVE_UNISTD_H 1
| #define HAVE_DLFCN_H 1
| #define LT_OBJDIR ".libs/"
| /* end confdefs.h.  */
| #include <stdio.h>
| #ifdef HAVE_SYS_TYPES_H
| # include <sys/types.h>
| #endif
| #ifdef HAVE_SYS_STAT_H
| # include <sys/stat.h>
| #endif
| #ifdef STDC_HEADERS
| # include <stdlib.h>
| # include <stddef.h>
| #else
| # ifdef HAVE_STDLIB_H
| #  include <stdlib.h>
| # endif
| #endif
| #ifdef HAVE_STRING_H
| # if !defined STDC_HEADERS && defined HAVE_MEMORY_H
| #  include <memory.h>
| # endif
| # include <string.h>
| #endif
| #ifdef HAVE_STRINGS_H
| # include <strings.h>
| #endif
| #ifdef HAVE_INTTYPES_H
| # include <inttypes.h>
| #endif
| #ifdef HAVE_STDINT_H
| # include <stdint.h>
| #endif
| #ifdef HAVE_UNISTD_H
| # include <unistd.h>
| #endif
| int
| main ()
| {
| #ifndef __SUNPRO_C
| #ifdef __cplusplus
|   (void) __SUNPRO_C;
| #else
|   (void) __SUNPRO_C;
| #endif
| #endif
| 
|   ;
|   return 0;
| }
configure:8899: result: no
configure:8961: checking for pkg-config
configure:8979: found /usr/bin/pkg-config
configure:8991: result: /usr/bin/pkg-config
configure:9016: checking pkg-config is at least version 0.9.0
configure:9019: result: yes
configure:9068: checking if gcc supports -Werror=unknown-warning-option
configure:9077: gcc -c -g -O2 -Werror=unknown-warning-option  conftest.c >&5
cc1: error: '-Werror=unknown-warning-option': no option -Wunknown-warning-option
configure:9077: $? = 1
configure: failed program was:
| /* confdefs.h */
| #define PACKAGE_NAME "libXft"
| #define PACKAGE_TARNAME "libXft"
| #define PACKAGE_VERSION "2.3.3"
| #define PACKAGE_STRING "libXft 2.3.3"
| #define PACKAGE_BUGREPORT "https://gitlab.freedesktop.org/xorg/lib/libXft/issues"
| #define PACKAGE_URL ""
| #define PACKAGE "libXft"
| #define VERSION "2.3.3"
| #define STDC_HEADERS 1
| #define HAVE_SYS_TYPES_H 1
| #define HAVE_SYS_STAT_H 1
| #define HAVE_STDLIB_H 1
| #define HAVE_STRING_H 1
| #define HAVE_MEMORY_H 1
| #define HAVE_STRINGS_H 1
| #define HAVE_INTTYPES_H 1
| #define HAVE_STDINT_H 1
| #define HAVE_UNISTD_H 1
| #define HAVE_DLFCN_H 1
| #define LT_OBJDIR ".libs/"
| /* end confdefs.h.  */
| int i;
configure:9084: result: no
configure:9095: checking if gcc supports -Werror=unused-command-line-argument
configure:9104: gcc -c -g -O2 -Werror=unused-command-line-argument  conftest.c >&5
cc1: error: '-Werror=unused-command-line-argument': no option -Wunused-command-line-argument
configure:9104: $? = 1
configure: failed program was:
| /* confdefs.h */
| #define PACKAGE_NAME "libXft"
| #define PACKAGE_TARNAME "libXft"
| #define PACKAGE_VERSION "2.3.3"
| #define PACKAGE_STRING "libXft 2.3.3"
| #define PACKAGE_BUGREPORT "https://gitlab.freedesktop.org/xorg/lib/libXft/issues"
| #define PACKAGE_URL ""
| #define PACKAGE "libXft"
| #define VERSION "2.3.3"
| #define STDC_HEADERS 1
| #define HAVE_SYS_TYPES_H 1
| #define HAVE_SYS_STAT_H 1
| #define HAVE_STDLIB_H 1
| #define HAVE_STRING_H 1
| #define HAVE_MEMORY_H 1
| #define HAVE_STRINGS_H 1
| #define HAVE_INTTYPES_H 1
| #define HAVE_STDINT_H 1
| #define HAVE_UNISTD_H 1
| #define HAVE_DLFCN_H 1
| #define LT_OBJDIR ".libs/"
| /* end confdefs.h.  */
| int i;
configure:9111: result: no
configure:9130: checking if gcc supports -Wall
configure:9147: gcc -o conftest -g -O2 -Wall   conftest.c  >&5
configure:9147: $? = 0
configure:9160: result: yes
configure:9248: checking if gcc supports -Wpointer-arith
configure:9265: gcc -o conftest -g -O2 -Wpointer-arith   conftest.c  >&5
configure:9265: $? = 0
configure:9278: result: yes
configure:9366: checking if gcc supports -Wmissing-declarations
configure:9383: gcc -o conftest -g -O2 -Wmissing-declarations   conftest.c  >&5
configure:9383: $? = 0
configure:9396: result: yes
configure:9484: checking if gcc supports -Wformat=2
configure:9501: gcc -o conftest -g -O2 -Wformat=2   conftest.c  >&5
configure:9501: $? = 0
configure:9514: result: yes
configure:9653: checking if gcc supports -Wstrict-prototypes
configure:9670: gcc -o conftest -g -O2 -Wstrict-prototypes   conftest.c  >&5
conftest.c:25:1: warning: function declaration isn't a prototype [-Wstrict-prototypes]
   25 | main ()
      | ^~~~
configure:9670: $? = 0
configure:9683: result: yes
configure:9771: checking if gcc supports -Wmissing-prototypes
configure:9788: gcc -o conftest -g -O2 -Wmissing-prototypes   conftest.c  >&5
configure:9788: $? = 0
configure:9801: result: yes
configure:9889: checking if gcc supports -Wnested-externs
configure:9906: gcc -o conftest -g -O2 -Wnested-externs   conftest.c  >&5
configure:9906: $? = 0
configure:9919: result: yes
configure:10007: checking if gcc supports -Wbad-function-cast
configure:10024: gcc -o conftest -g -O2 -Wbad-function-cast   conftest.c  >&5
configure:10024: $? = 0
configure:10037: result: yes
configure:10125: checking if gcc supports -Wold-style-definition
configure:10142: gcc -o conftest -g -O2 -Wold-style-definition   conftest.c  >&5
conftest.c: In function 'main':
conftest.c:25:1: warning: old-style function definition [-Wold-style-definition]
   25 | main ()
      | ^~~~
configure:10142: $? = 0
configure:10155: result: yes
configure:10292: checking if gcc supports -Wdeclaration-after-statement
configure:10309: gcc -o conftest -g -O2 -Wdeclaration-after-statement   conftest.c  >&5
configure:10309: $? = 0
configure:10322: result: yes
configure:10414: checking if gcc supports -Wunused
configure:10431: gcc -o conftest -g -O2 -Wunused   conftest.c  >&5
configure:10431: $? = 0
configure:10444: result: yes
configure:10532: checking if gcc supports -Wuninitialized
configure:10549: gcc -o conftest -g -O2 -Wuninitialized   conftest.c  >&5
configure:10549: $? = 0
configure:10562: result: yes
configure:10650: checking if gcc supports -Wshadow
configure:10667: gcc -o conftest -g -O2 -Wshadow   conftest.c  >&5
configure:10667: $? = 0
configure:10680: result: yes
configure:10768: checking if gcc supports -Wmissing-noreturn
configure:10785: gcc -o conftest -g -O2 -Wmissing-noreturn   conftest.c  >&5
configure:10785: $? = 0
configure:10798: result: yes
configure:10886: checking if gcc supports -Wmissing-format-attribute
configure:10903: gcc -o conftest -g -O2 -Wmissing-format-attribute   conftest.c  >&5
configure:10903: $? = 0
configure:10916: result: yes
configure:11004: checking if gcc supports -Wredundant-decls
configure:11021: gcc -o conftest -g -O2 -Wredundant-decls   conftest.c  >&5
configure:11021: $? = 0
configure:11034: result: yes
configure:11122: checking if gcc supports -Wlogical-op
configure:11139: gcc -o conftest -g -O2 -Wlogical-op   conftest.c  >&5
configure:11139: $? = 0
configure:11152: result: yes
configure:11252: checking if gcc supports -Werror=implicit
configure:11269: gcc -o conftest -g -O2 -Werror=implicit   conftest.c  >&5
configure:11269: $? = 0
configure:11282: result: yes
configure:11419: checking if gcc supports -Werror=nonnull
configure:11436: gcc -o conftest -g -O2 -Werror=nonnull   conftest.c  >&5
configure:11436: $? = 0
configure:11449: result: yes
configure:11537: checking if gcc supports -Werror=init-self
configure:11554: gcc -o conftest -g -O2 -Werror=init-self   conftest.c  >&5
configure:11554: $? = 0
configure:11567: result: yes
configure:11655: checking if gcc supports -Werror=main
configure:11672: gcc -o conftest -g -O2 -Werror=main   conftest.c  >&5
configure:11672: $? = 0
configure:11685: result: yes
configure:11773: checking if gcc supports -Werror=missing-braces
configure:11790: gcc -o conftest -g -O2 -Werror=missing-braces   conftest.c  >&5
configure:11790: $? = 0
configure:11803: result: yes
configure:11891: checking if gcc supports -Werror=sequence-point
configure:11908: gcc -o conftest -g -O2 -Werror=sequence-point   conftest.c  >&5
configure:11908: $? = 0
configure:11921: result: yes
configure:12009: checking if gcc supports -Werror=return-type
configure:12026: gcc -o conftest -g -O2 -Werror=return-type   conftest.c  >&5
configure:12026: $? = 0
configure:12039: result: yes
configure:12176: checking if gcc supports -Werror=trigraphs
configure:12193: gcc -o conftest -g -O2 -Werror=trigraphs   conftest.c  >&5
configure:12193: $? = 0
configure:12206: result: yes
configure:12294: checking if gcc supports -Werror=array-bounds
configure:12311: gcc -o conftest -g -O2 -Werror=array-bounds   conftest.c  >&5
configure:12311: $? = 0
configure:12324: result: yes
configure:12412: checking if gcc supports -Werror=write-strings
configure:12429: gcc -o conftest -g -O2 -Werror=write-strings   conftest.c  >&5
configure:12429: $? = 0
configure:12442: result: yes
configure:12530: checking if gcc supports -Werror=address
configure:12547: gcc -o conftest -g -O2 -Werror=address   conftest.c  >&5
configure:12547: $? = 0
configure:12560: result: yes
configure:12648: checking if gcc supports -Werror=int-to-pointer-cast
configure:12665: gcc -o conftest -g -O2 -Werror=int-to-pointer-cast   conftest.c  >&5
configure:12665: $? = 0
configure:12678: result: yes
configure:12815: checking if gcc supports -Werror=pointer-to-int-cast
configure:12832: gcc -o conftest -g -O2 -Werror=pointer-to-int-cast   conftest.c  >&5
configure:12832: $? = 0
configure:12845: result: yes
configure:14503: checking if gcc supports -pedantic
configure:14520: gcc -o conftest -g -O2 -pedantic   conftest.c  >&5
configure:14520: $? = 0
configure:14533: result: yes
configure:14621: checking if gcc supports -Werror
configure:14638: gcc -o conftest -g -O2 -Werror   conftest.c  >&5
configure:14638: $? = 0
configure:14651: result: yes
configure:14791: checking if gcc supports -Werror=attributes
configure:14808: gcc -o conftest -g -O2 -Werror=attributes   conftest.c  >&5
configure:14808: $? = 0
configure:14821: result: yes
configure:14985: checking whether make supports nested variables
configure:15002: result: yes
configure:15043: checking for XRENDER
configure:15050: $PKG_CONFIG --exists --print-errors "xrender >= 0.8.2 x11"
configure:15053: $? = 0
configure:15067: $PKG_CONFIG --exists --print-errors "xrender >= 0.8.2 x11"
configure:15070: $? = 0
configure:15128: result: yes
configure:15136: checking for FREETYPE
configure:15143: $PKG_CONFIG --exists --print-errors "freetype2 >= 2.1.6"
configure:15146: $? = 0
configure:15160: $PKG_CONFIG --exists --print-errors "freetype2 >= 2.1.6"
configure:15163: $? = 0
configure:15221: result: yes
configure:15229: checking for FONTCONFIG
configure:15236: $PKG_CONFIG --exists --print-errors "fontconfig >= 2.5.92"
configure:15239: $? = 0
configure:15253: $PKG_CONFIG --exists --print-errors "fontconfig >= 2.5.92"
configure:15256: $? = 0
configure:15314: result: yes
configure:15433: checking that generated files are newer than configure
configure:15439: result: done
configure:15462: creating ./config.status

## ---------------------- ##
## Running config.status. ##
## ---------------------- ##

This file was extended by libXft config.status 2.3.3, which was
generated by GNU Autoconf 2.69.  Invocation command line was

  CONFIG_FILES    = 
  CONFIG_HEADERS  = 
  CONFIG_LINKS    = 
  CONFIG_COMMANDS = 
  $ ./config.status 

on arvyanh1026

config.status:1129: creating Makefile
config.status:1129: creating xft.pc
config.status:1129: creating src/Makefile
config.status:1129: creating man/Makefile
config.status:1129: creating config.h
config.status:1129: creating include/X11/Xft/Xft.h
config.status:1310: include/X11/Xft/Xft.h is unchanged
config.status:1358: executing depfiles commands
config.status:1358: executing libtool commands

## ---------------- ##
## Cache variables. ##
## ---------------- ##

ac_cv_build=x86_64-pc-linux-gnu
ac_cv_c_compiler_gnu=yes
ac_cv_env_CC_set=
ac_cv_env_CC_value=
ac_cv_env_CFLAGS_set=
ac_cv_env_CFLAGS_value=
ac_cv_env_CPPFLAGS_set=
ac_cv_env_CPPFLAGS_value=
ac_cv_env_CPP_set=
ac_cv_env_CPP_value=
ac_cv_env_FONTCONFIG_CFLAGS_set=
ac_cv_env_FONTCONFIG_CFLAGS_value=
ac_cv_env_FONTCONFIG_LIBS_set=
ac_cv_env_FONTCONFIG_LIBS_value=
ac_cv_env_FREETYPE_CFLAGS_set=
ac_cv_env_FREETYPE_CFLAGS_value=
ac_cv_env_FREETYPE_LIBS_set=
ac_cv_env_FREETYPE_LIBS_value=
ac_cv_env_LDFLAGS_set=
ac_cv_env_LDFLAGS_value=
ac_cv_env_LIBS_set=
ac_cv_env_LIBS_value=
ac_cv_env_LT_SYS_LIBRARY_PATH_set=
ac_cv_env_LT_SYS_LIBRARY_PATH_value=
ac_cv_env_PKG_CONFIG_LIBDIR_set=
ac_cv_env_PKG_CONFIG_LIBDIR_value=
ac_cv_env_PKG_CONFIG_PATH_set=
ac_cv_env_PKG_CONFIG_PATH_value=
ac_cv_env_PKG_CONFIG_set=
ac_cv_env_PKG_CONFIG_value=
ac_cv_env_XRENDER_CFLAGS_set=
ac_cv_env_XRENDER_CFLAGS_value=
ac_cv_env_XRENDER_LIBS_set=
ac_cv_env_XRENDER_LIBS_value=
ac_cv_env_build_alias_set=
ac_cv_env_build_alias_value=
ac_cv_env_host_alias_set=
ac_cv_env_host_alias_value=
ac_cv_env_target_alias_set=
ac_cv_env_target_alias_value=
ac_cv_have_decl___INTEL_COMPILER=no
ac_cv_have_decl___SUNPRO_C=no
ac_cv_have_decl___clang__=no
ac_cv_header_dlfcn_h=yes
ac_cv_header_inttypes_h=yes
ac_cv_header_memory_h=yes
ac_cv_header_stdc=yes
ac_cv_header_stdint_h=yes
ac_cv_header_stdlib_h=yes
ac_cv_header_string_h=yes
ac_cv_header_strings_h=yes
ac_cv_header_sys_stat_h=yes
ac_cv_header_sys_types_h=yes
ac_cv_header_unistd_h=yes
ac_cv_host=x86_64-pc-linux-gnu
ac_cv_objext=o
ac_cv_path_EGREP='/bin/grep -E'
ac_cv_path_FGREP='/bin/grep -F'
ac_cv_path_GREP=/bin/grep
ac_cv_path_SED=/bin/sed
ac_cv_path_ac_pt_PKG_CONFIG=/usr/bin/pkg-config
ac_cv_path_install='/usr/bin/install -c'
ac_cv_path_lt_DD=/bin/dd
ac_cv_path_mkdir=/bin/mkdir
ac_cv_prog_AWK=gawk
ac_cv_prog_CPP='gcc -E'
ac_cv_prog_ac_ct_AR=ar
ac_cv_prog_ac_ct_CC=gcc
ac_cv_prog_ac_ct_MANIFEST_TOOL=mt
ac_cv_prog_ac_ct_OBJDUMP=objdump
ac_cv_prog_ac_ct_RANLIB=ranlib
ac_cv_prog_ac_ct_STRIP=strip
ac_cv_prog_cc_c89=
ac_cv_prog_cc_c99=
ac_cv_prog_cc_g=yes
ac_cv_prog_make_make_set=yes
am_cv_CC_dependencies_compiler_type=gcc3
am_cv_make_support_nested_variables=yes
am_cv_prog_cc_c_o=yes
lt_cv_ar_at_file=@
lt_cv_archive_cmds_need_lc=no
lt_cv_deplibs_check_method=pass_all
lt_cv_file_magic_cmd='$MAGIC_CMD'
lt_cv_file_magic_test_file=
lt_cv_ld_reload_flag=-r
lt_cv_nm_interface='BSD nm'
lt_cv_objdir=.libs
lt_cv_path_LD=/usr/bin/ld
lt_cv_path_NM='/usr/bin/nm -B'
lt_cv_path_mainfest_tool=no
lt_cv_prog_compiler_c_o=yes
lt_cv_prog_compiler_pic='-fPIC -DPIC'
lt_cv_prog_compiler_pic_works=yes
lt_cv_prog_compiler_rtti_exceptions=no
lt_cv_prog_compiler_static_works=yes
lt_cv_prog_gnu_ld=yes
lt_cv_sharedlib_from_linklib_cmd='printf %s\n'
lt_cv_shlibpath_overrides_runpath=yes
lt_cv_sys_global_symbol_pipe='sed -n -e '\''s/^.*[	 ]\([ABCDGIRSTW][ABCDGIRSTW]*\)[	 ][	 ]*\([_A-Za-z][_A-Za-z0-9]*\)$/\1 \2 \2/p'\'' | sed '\''/ __gnu_lto/d'\'''
lt_cv_sys_global_symbol_to_c_name_address='sed -n -e '\''s/^: \(.*\) .*$/  {"\1", (void *) 0},/p'\'' -e '\''s/^[ABCDGIRSTW][ABCDGIRSTW]* .* \(.*\)$/  {"\1", (void *) \&\1},/p'\'''
lt_cv_sys_global_symbol_to_c_name_address_lib_prefix='sed -n -e '\''s/^: \(.*\) .*$/  {"\1", (void *) 0},/p'\'' -e '\''s/^[ABCDGIRSTW][ABCDGIRSTW]* .* \(lib.*\)$/  {"\1", (void *) \&\1},/p'\'' -e '\''s/^[ABCDGIRSTW][ABCDGIRSTW]* .* \(.*\)$/  {"lib\1", (void *) \&\1},/p'\'''
lt_cv_sys_global_symbol_to_cdecl='sed -n -e '\''s/^T .* \(.*\)$/extern int \1();/p'\'' -e '\''s/^[ABCDGIRSTW][ABCDGIRSTW]* .* \(.*\)$/extern char \1;/p'\'''
lt_cv_sys_global_symbol_to_import=
lt_cv_sys_max_cmd_len=1572864
lt_cv_to_host_file_cmd=func_convert_file_noop
lt_cv_to_tool_file_cmd=func_convert_file_noop
lt_cv_truncate_bin='/bin/dd bs=4096 count=1'
pkg_cv_FONTCONFIG_CFLAGS='-I/usr/include/uuid -I/usr/include/freetype2 -I/usr/include/libpng16'
pkg_cv_FONTCONFIG_LIBS='-lfontconfig -lfreetype'
pkg_cv_FREETYPE_CFLAGS='-I/usr/include/freetype2 -I/usr/include/libpng16'
pkg_cv_FREETYPE_LIBS=-lfreetype
pkg_cv_XRENDER_CFLAGS=
pkg_cv_XRENDER_LIBS='-lXrender -lX11'
xorg_cv_cc_flag__Wall=yes
xorg_cv_cc_flag__Wbad_function_cast=yes
xorg_cv_cc_flag__Wdeclaration_after_statement=yes
xorg_cv_cc_flag__Werror=yes
xorg_cv_cc_flag__Werror_address=yes
xorg_cv_cc_flag__Werror_array_bounds=yes
xorg_cv_cc_flag__Werror_attributes=yes
xorg_cv_cc_flag__Werror_implicit=yes
xorg_cv_cc_flag__Werror_init_self=yes
xorg_cv_cc_flag__Werror_int_to_pointer_cast=yes
xorg_cv_cc_flag__Werror_main=yes
xorg_cv_cc_flag__Werror_missing_braces=yes
xorg_cv_cc_flag__Werror_nonnull=yes
xorg_cv_cc_flag__Werror_pointer_to_int_cast=yes
xorg_cv_cc_flag__Werror_return_type=yes
xorg_cv_cc_flag__Werror_sequence_point=yes
xorg_cv_cc_flag__Werror_trigraphs=yes
xorg_cv_cc_flag__Werror_write_strings=yes
xorg_cv_cc_flag__Wformat_2=yes
xorg_cv_cc_flag__Wlogical_op=yes
xorg_cv_cc_flag__Wmissing_declarations=yes
xorg_cv_cc_flag__Wmissing_format_attribute=yes
xorg_cv_cc_flag__Wmissing_noreturn=yes
xorg_cv_cc_flag__Wmissing_prototypes=yes
xorg_cv_cc_flag__Wnested_externs=yes
xorg_cv_cc_flag__Wold_style_definition=yes
xorg_cv_cc_flag__Wpointer_arith=yes
xorg_cv_cc_flag__Wredundant_decls=yes
xorg_cv_cc_flag__Wshadow=yes
xorg_cv_cc_flag__Wstrict_prototypes=yes
xorg_cv_cc_flag__Wuninitialized=yes
xorg_cv_cc_flag__Wunused=yes
xorg_cv_cc_flag__pedantic=yes
xorg_cv_cc_flag_unknown_warning_option=no
xorg_cv_cc_flag_unused_command_line_argument=no

## ----------------- ##
## Output variables. ##
## ----------------- ##

ACLOCAL='${SHELL} /home/arvyanh/SourceCode/libs/libXft-2.3/missing aclocal-1.15'
ADMIN_MAN_DIR='$(mandir)/man$(ADMIN_MAN_SUFFIX)'
ADMIN_MAN_SUFFIX='8'
AMDEPBACKSLASH='\'
AMDEP_FALSE='#'
AMDEP_TRUE=''
AMTAR='$${TAR-tar}'
AM_BACKSLASH='\'
AM_DEFAULT_V='$(AM_DEFAULT_VERBOSITY)'
AM_DEFAULT_VERBOSITY='0'
AM_V='$(V)'
APP_MAN_DIR='$(mandir)/man$(APP_MAN_SUFFIX)'
APP_MAN_SUFFIX='1'
AR='ar'
AUTOCONF='${SHELL} /home/arvyanh/SourceCode/libs/libXft-2.3/missing autoconf'
AUTOHEADER='${SHELL} /home/arvyanh/SourceCode/libs/libXft-2.3/missing autoheader'
AUTOMAKE='${SHELL} /home/arvyanh/SourceCode/libs/libXft-2.3/missing automake-1.15'
AWK='gawk'
BASE_CFLAGS=' -Wall -Wpointer-arith -Wmissing-declarations -Wformat=2 -Wstrict-prototypes -Wmissing-prototypes -Wnested-externs -Wbad-function-cast -Wold-style-definition -Wdeclaration-after-statement -Wunused -Wuninitialized -Wshadow -Wmissing-noreturn -Wmissing-format-attribute -Wredundant-decls -Wlogical-op -Werror=implicit -Werror=nonnull -Werror=init-self -Werror=main -Werror=missing-braces -Werror=sequence-point -Werror=return-type -Werror=trigraphs -Werror=array-bounds -Werror=write-strings -Werror=address -Werror=int-to-pointer-cast -Werror=pointer-to-int-cast'
CC='gcc'
CCDEPMODE='depmode=gcc3'
CFLAGS='-g -O2'
CHANGELOG_CMD='(GIT_DIR=$(top_srcdir)/.git git log > $(top_srcdir)/.changelog.tmp && mv $(top_srcdir)/.changelog.tmp $(top_srcdir)/ChangeLog) || (rm -f $(top_srcdir)/.changelog.tmp; touch $(top_srcdir)/ChangeLog; echo '\''git directory not found: installing possibly empty changelog.'\'' >&2)'
CPP='gcc -E'
CPPFLAGS=''
CWARNFLAGS=' -Wall -Wpointer-arith -Wmissing-declarations -Wformat=2 -Wstrict-prototypes -Wmissing-prototypes -Wnested-externs -Wbad-function-cast -Wold-style-definition -Wdeclaration-after-statement -Wunused -Wuninitialized -Wshadow -Wmissing-noreturn -Wmissing-format-attribute -Wredundant-decls -Wlogical-op -Werror=implicit -Werror=nonnull -Werror=init-self -Werror=main -Werror=missing-braces -Werror=sequence-point -Werror=return-type -Werror=trigraphs -Werror=array-bounds -Werror=write-strings -Werror=address -Werror=int-to-pointer-cast -Werror=pointer-to-int-cast -fno-strict-aliasing'
CYGPATH_W='echo'
DEFS='-DHAVE_CONFIG_H'
DEPDIR='.deps'
DLLTOOL='false'
DRIVER_MAN_DIR='$(mandir)/man$(DRIVER_MAN_SUFFIX)'
DRIVER_MAN_SUFFIX='4'
DSYMUTIL=''
DUMPBIN=''
ECHO_C=''
ECHO_N='-n'
ECHO_T=''
EGREP='/bin/grep -E'
EXEEXT=''
FGREP='/bin/grep -F'
FILE_MAN_DIR='$(mandir)/man$(FILE_MAN_SUFFIX)'
FILE_MAN_SUFFIX='5'
FONTCONFIG_CFLAGS='-I/usr/include/uuid -I/usr/include/freetype2 -I/usr/include/libpng16'
FONTCONFIG_LIBS='-lfontconfig -lfreetype'
FREETYPE_CFLAGS='-I/usr/include/freetype2 -I/usr/include/libpng16'
FREETYPE_LIBS='-lfreetype'
GREP='/bin/grep'
INSTALL_CMD='(cp -f /usr/share/util-macros/INSTALL $(top_srcdir)/.INSTALL.tmp && mv $(top_srcdir)/.INSTALL.tmp $(top_srcdir)/INSTALL) || (rm -f $(top_srcdir)/.INSTALL.tmp; touch $(top_srcdir)/INSTALL; echo '\''util-macros "pkgdatadir" from xorg-macros.pc not found: installing possibly empty INSTALL.'\'' >&2)'
INSTALL_DATA='${INSTALL} -m 644'
INSTALL_PROGRAM='${INSTALL}'
INSTALL_SCRIPT='${INSTALL}'
INSTALL_STRIP_PROGRAM='$(install_sh) -c -s'
LD='/usr/bin/ld -m elf_x86_64'
LDFLAGS=''
LIBOBJS=''
LIBS=''
LIBTOOL='$(SHELL) $(top_builddir)/libtool'
LIB_MAN_DIR='$(mandir)/man$(LIB_MAN_SUFFIX)'
LIB_MAN_SUFFIX='3'
LIPO=''
LN_S='ln -s'
LTLIBOBJS=''
LT_SYS_LIBRARY_PATH=''
MAKEINFO='${SHELL} /home/arvyanh/SourceCode/libs/libXft-2.3/missing makeinfo'
MANIFEST_TOOL=':'
MAN_SUBSTS='	-e '\''s|__vendorversion__|"$(PACKAGE_STRING)" "$(XORG_MAN_PAGE)"|'\'' 	-e '\''s|__xorgversion__|"$(PACKAGE_STRING)" "$(XORG_MAN_PAGE)"|'\'' 	-e '\''s|__xservername__|Xorg|g'\'' 	-e '\''s|__xconfigfile__|xorg.conf|g'\'' 	-e '\''s|__projectroot__|$(prefix)|g'\'' 	-e '\''s|__apploaddir__|$(appdefaultdir)|g'\'' 	-e '\''s|__appmansuffix__|$(APP_MAN_SUFFIX)|g'\'' 	-e '\''s|__drivermansuffix__|$(DRIVER_MAN_SUFFIX)|g'\'' 	-e '\''s|__adminmansuffix__|$(ADMIN_MAN_SUFFIX)|g'\'' 	-e '\''s|__libmansuffix__|$(LIB_MAN_SUFFIX)|g'\'' 	-e '\''s|__miscmansuffix__|$(MISC_MAN_SUFFIX)|g'\'' 	-e '\''s|__filemansuffix__|$(FILE_MAN_SUFFIX)|g'\'''
MISC_MAN_DIR='$(mandir)/man$(MISC_MAN_SUFFIX)'
MISC_MAN_SUFFIX='7'
MKDIR_P='/bin/mkdir -p'
NM='/usr/bin/nm -B'
NMEDIT=''
OBJDUMP='objdump'
OBJEXT='o'
OTOOL64=''
OTOOL=''
PACKAGE='libXft'
PACKAGE_BUGREPORT='https://gitlab.freedesktop.org/xorg/lib/libXft/issues'
PACKAGE_NAME='libXft'
PACKAGE_STRING='libXft 2.3.3'
PACKAGE_TARNAME='libXft'
PACKAGE_URL=''
PACKAGE_VERSION='2.3.3'
PATH_SEPARATOR=':'
PKG_CONFIG='/usr/bin/pkg-config'
PKG_CONFIG_LIBDIR=''
PKG_CONFIG_PATH=''
RANLIB='ranlib'
SED='/bin/sed'
SET_MAKE=''
SHELL='/bin/bash'
STRICT_CFLAGS=' -pedantic -Werror -Werror=attributes'
STRIP='strip'
VERSION='2.3.3'
XFT_LT_VERSION='2:3:3'
XORG_MAN_PAGE='X Version 11'
XRENDER_CFLAGS=''
XRENDER_LIBS='-lXrender -lX11'
ac_ct_AR='ar'
ac_ct_CC='gcc'
ac_ct_DUMPBIN=''
am__EXEEXT_FALSE=''
am__EXEEXT_TRUE='#'
am__fastdepCC_FALSE='#'
am__fastdepCC_TRUE=''
am__include='include'
am__isrc=''
am__leading_dot='.'
am__nodep='_no'
am__quote=''
am__tar='$${TAR-tar} chof - "$$tardir"'
am__untar='$${TAR-tar} xf -'
bindir='${exec_prefix}/bin'
build='x86_64-pc-linux-gnu'
build_alias=''
build_cpu='x86_64'
build_os='linux-gnu'
build_vendor='pc'
datadir='${datarootdir}'
datarootdir='${prefix}/share'
docdir='${datarootdir}/doc/${PACKAGE_TARNAME}'
dvidir='${docdir}'
exec_prefix='${prefix}'
host='x86_64-pc-linux-gnu'
host_alias=''
host_cpu='x86_64'
host_os='linux-gnu'
host_vendor='pc'
htmldir='${docdir}'
includedir='${prefix}/include'
infodir='${datarootdir}/info'
install_sh='${SHELL} /home/arvyanh/SourceCode/libs/libXft-2.3/install-sh'
libdir='${exec_prefix}/lib'
libexecdir='${exec_prefix}/libexec'
localedir='${datarootdir}/locale'
localstatedir='${prefix}/var'
mandir='${datarootdir}/man'
mkdir_p='$(MKDIR_P)'
oldincludedir='/usr/include'
pdfdir='${docdir}'
prefix='/usr/local'
program_transform_name='s,x,x,'
psdir='${docdir}'
sbindir='${exec_prefix}/sbin'
sharedstatedir='${prefix}/com'
sysconfdir='${prefix}/etc'
target_alias=''

## ----------- ##
## confdefs.h. ##
## ----------- ##

/* confdefs.h */
#define PACKAGE_NAME "libXft"
#define PACKAGE_TARNAME "libXft"
#define PACKAGE_VERSION "2.3.3"
#define PACKAGE_STRING "libXft 2.3.3"
#define PACKAGE_BUGREPORT "https://gitlab.freedesktop.org/xorg/lib/libXft/issues"
#define PACKAGE_URL ""
#define PACKAGE "libXft"
#define VERSION "2.3.3"
#define STDC_HEADERS 1
#define HAVE_SYS_TYPES_H 1
#define HAVE_SYS_STAT_H 1
#define HAVE_STDLIB_H 1
#define HAVE_STRING_H 1
#define HAVE_MEMORY_H 1
#define HAVE_STRINGS_H 1
#define HAVE_INTTYPES_H 1
#define HAVE_STDINT_H 1
#define HAVE_UNISTD_H 1
#define HAVE_DLFCN_H 1
#define LT_OBJDIR ".libs/"
#define PACKAGE_VERSION_MAJOR 2
#define PACKAGE_VERSION_MINOR 3
#define PACKAGE_VERSION_PATCHLEVEL 3
#define XFT_MAJOR 2
#define XFT_MINOR 3
#define XFT_REVISION 3

configure: exit 0
